{"/app/src/components/CopyButton.jsx": {"path":"/app/src/components/CopyButton.jsx","statementMap":{"0":{"start":{"line":6,"column":26},"end":{"line":6,"column":null}},"1":{"start":{"line":7,"column":20},"end":{"line":7,"column":null}},"2":{"start":{"line":9,"column":21},"end":{"line":22,"column":null}},"3":{"start":{"line":10,"column":4},"end":{"line":10,"column":null}},"4":{"start":{"line":10,"column":16},"end":{"line":10,"column":null}},"5":{"start":{"line":12,"column":4},"end":{"line":21,"column":null}},"6":{"start":{"line":13,"column":6},"end":{"line":13,"column":null}},"7":{"start":{"line":14,"column":6},"end":{"line":14,"column":null}},"8":{"start":{"line":15,"column":6},"end":{"line":15,"column":null}},"9":{"start":{"line":17,"column":6},"end":{"line":17,"column":null}},"10":{"start":{"line":17,"column":23},"end":{"line":17,"column":41}},"11":{"start":{"line":19,"column":6},"end":{"line":19,"column":null}},"12":{"start":{"line":20,"column":6},"end":{"line":20,"column":null}},"13":{"start":{"line":24,"column":2},"end":{"line":45,"column":null}}},"fnMap":{"0":{"name":"CopyButton","decl":{"start":{"line":5,"column":24},"end":{"line":5,"column":35}},"loc":{"start":{"line":5,"column":45},"end":{"line":47,"column":null}},"line":5},"1":{"name":"(anonymous_1)","decl":{"start":{"line":9,"column":21},"end":{"line":9,"column":33}},"loc":{"start":{"line":9,"column":33},"end":{"line":22,"column":null}},"line":9},"2":{"name":"(anonymous_2)","decl":{"start":{"line":17,"column":17},"end":{"line":17,"column":23}},"loc":{"start":{"line":17,"column":23},"end":{"line":17,"column":41}},"line":17}},"branchMap":{"0":{"loc":{"start":{"line":10,"column":4},"end":{"line":10,"column":null}},"type":"if","locations":[{"start":{"line":10,"column":4},"end":{"line":10,"column":null}},{"start":{},"end":{}}],"line":10},"1":{"loc":{"start":{"line":29,"column":8},"end":{"line":31,"column":null}},"type":"cond-expr","locations":[{"start":{"line":30,"column":12},"end":{"line":30,"column":null}},{"start":{"line":31,"column":12},"end":{"line":31,"column":null}}],"line":29},"2":{"loc":{"start":{"line":34,"column":7},"end":{"line":43,"column":null}},"type":"cond-expr","locations":[{"start":{"line":35,"column":8},"end":{"line":38,"column":null}},{"start":{"line":40,"column":8},"end":{"line":43,"column":null}}],"line":34}},"s":{"0":3,"1":3,"2":3,"3":1,"4":0,"5":1,"6":1,"7":1,"8":1,"9":1,"10":0,"11":0,"12":0,"13":3},"f":{"0":3,"1":1,"2":0},"b":{"0":[0,1],"1":[1,2],"2":[1,2]},"meta":{"lastBranch":3,"lastFunction":3,"lastStatement":14,"seen":{"f:5:24:5:35":0,"s:6:26:6:Infinity":0,"s:7:20:7:Infinity":1,"s:9:21:22:Infinity":2,"f:9:21:9:33":1,"b:10:4:10:Infinity:undefined:undefined:undefined:undefined":0,"s:10:4:10:Infinity":3,"s:10:16:10:Infinity":4,"s:12:4:21:Infinity":5,"s:13:6:13:Infinity":6,"s:14:6:14:Infinity":7,"s:15:6:15:Infinity":8,"s:17:6:17:Infinity":9,"f:17:17:17:23":2,"s:17:23:17:41":10,"s:19:6:19:Infinity":11,"s:20:6:20:Infinity":12,"s:24:2:45:Infinity":13,"b:30:12:30:Infinity:31:12:31:Infinity":1,"b:35:8:38:Infinity:40:8:43:Infinity":2}}}
,"/app/src/pages/Home.jsx": {"path":"/app/src/pages/Home.jsx","statementMap":{"0":{"start":{"line":9,"column":28},"end":{"line":9,"column":null}},"1":{"start":{"line":10,"column":32},"end":{"line":16,"column":null}},"2":{"start":{"line":17,"column":28},"end":{"line":17,"column":null}},"3":{"start":{"line":18,"column":28},"end":{"line":18,"column":null}},"4":{"start":{"line":19,"column":24},"end":{"line":19,"column":null}},"5":{"start":{"line":20,"column":28},"end":{"line":20,"column":null}},"6":{"start":{"line":20,"column":47},"end":{"line":20,"column":75}},"7":{"start":{"line":21,"column":46},"end":{"line":21,"column":null}},"8":{"start":{"line":22,"column":36},"end":{"line":22,"column":null}},"9":{"start":{"line":24,"column":31},"end":{"line":26,"column":null}},"10":{"start":{"line":25,"column":4},"end":{"line":25,"column":null}},"11":{"start":{"line":25,"column":26},"end":{"line":25,"column":67}},"12":{"start":{"line":28,"column":23},"end":{"line":39,"column":null}},"13":{"start":{"line":29,"column":23},"end":{"line":36,"column":null}},"14":{"start":{"line":37,"column":4},"end":{"line":37,"column":null}},"15":{"start":{"line":38,"column":4},"end":{"line":38,"column":null}},"16":{"start":{"line":41,"column":25},"end":{"line":88,"column":null}},"17":{"start":{"line":43,"column":4},"end":{"line":45,"column":null}},"18":{"start":{"line":44,"column":6},"end":{"line":44,"column":null}},"19":{"start":{"line":48,"column":23},"end":{"line":48,"column":null}},"20":{"start":{"line":49,"column":25},"end":{"line":49,"column":null}},"21":{"start":{"line":49,"column":60},"end":{"line":49,"column":61}},"22":{"start":{"line":51,"column":4},"end":{"line":65,"column":null}},"23":{"start":{"line":53,"column":6},"end":{"line":53,"column":null}},"24":{"start":{"line":54,"column":6},"end":{"line":54,"column":null}},"25":{"start":{"line":54,"column":23},"end":{"line":54,"column":46}},"26":{"start":{"line":57,"column":6},"end":{"line":63,"column":null}},"27":{"start":{"line":58,"column":8},"end":{"line":58,"column":null}},"28":{"start":{"line":59,"column":6},"end":{"line":63,"column":null}},"29":{"start":{"line":60,"column":8},"end":{"line":60,"column":null}},"30":{"start":{"line":62,"column":8},"end":{"line":62,"column":null}},"31":{"start":{"line":64,"column":6},"end":{"line":64,"column":null}},"32":{"start":{"line":67,"column":4},"end":{"line":67,"column":null}},"33":{"start":{"line":68,"column":4},"end":{"line":68,"column":null}},"34":{"start":{"line":69,"column":4},"end":{"line":69,"column":null}},"35":{"start":{"line":71,"column":4},"end":{"line":87,"column":null}},"36":{"start":{"line":72,"column":32},"end":{"line":72,"column":null}},"37":{"start":{"line":72,"column":67},"end":{"line":72,"column":79}},"38":{"start":{"line":73,"column":19},"end":{"line":73,"column":null}},"39":{"start":{"line":74,"column":6},"end":{"line":74,"column":null}},"40":{"start":{"line":77,"column":6},"end":{"line":81,"column":null}},"41":{"start":{"line":83,"column":6},"end":{"line":83,"column":null}},"42":{"start":{"line":84,"column":6},"end":{"line":84,"column":null}},"43":{"start":{"line":86,"column":6},"end":{"line":86,"column":null}},"44":{"start":{"line":90,"column":29},"end":{"line":90,"column":null}},"45":{"start":{"line":90,"column":84},"end":{"line":90,"column":85}},"46":{"start":{"line":92,"column":2},"end":{"line":232,"column":null}},"47":{"start":{"line":116,"column":29},"end":{"line":116,"column":null}},"48":{"start":{"line":128,"column":29},"end":{"line":128,"column":null}},"49":{"start":{"line":140,"column":29},"end":{"line":140,"column":null}},"50":{"start":{"line":152,"column":29},"end":{"line":152,"column":null}},"51":{"start":{"line":164,"column":29},"end":{"line":164,"column":null}},"52":{"start":{"line":189,"column":29},"end":{"line":189,"column":null}},"53":{"start":{"line":190,"column":27},"end":{"line":190,"column":null}}},"fnMap":{"0":{"name":"Home","decl":{"start":{"line":8,"column":24},"end":{"line":8,"column":31}},"loc":{"start":{"line":8,"column":31},"end":{"line":234,"column":null}},"line":8},"1":{"name":"(anonymous_1)","decl":{"start":{"line":20,"column":41},"end":{"line":20,"column":47}},"loc":{"start":{"line":20,"column":47},"end":{"line":20,"column":75}},"line":20},"2":{"name":"(anonymous_2)","decl":{"start":{"line":24,"column":31},"end":{"line":24,"column":32}},"loc":{"start":{"line":24,"column":45},"end":{"line":26,"column":null}},"line":24},"3":{"name":"(anonymous_3)","decl":{"start":{"line":25,"column":17},"end":{"line":25,"column":26}},"loc":{"start":{"line":25,"column":26},"end":{"line":25,"column":67}},"line":25},"4":{"name":"(anonymous_4)","decl":{"start":{"line":28,"column":23},"end":{"line":28,"column":24}},"loc":{"start":{"line":28,"column":33},"end":{"line":39,"column":null}},"line":28},"5":{"name":"(anonymous_5)","decl":{"start":{"line":41,"column":25},"end":{"line":41,"column":32}},"loc":{"start":{"line":41,"column":38},"end":{"line":88,"column":null}},"line":41},"6":{"name":"(anonymous_6)","decl":{"start":{"line":49,"column":55},"end":{"line":49,"column":60}},"loc":{"start":{"line":49,"column":60},"end":{"line":49,"column":61}},"line":49},"7":{"name":"(anonymous_7)","decl":{"start":{"line":54,"column":17},"end":{"line":54,"column":23}},"loc":{"start":{"line":54,"column":23},"end":{"line":54,"column":46}},"line":54},"8":{"name":"(anonymous_8)","decl":{"start":{"line":72,"column":62},"end":{"line":72,"column":67}},"loc":{"start":{"line":72,"column":67},"end":{"line":72,"column":79}},"line":72},"9":{"name":"(anonymous_9)","decl":{"start":{"line":90,"column":79},"end":{"line":90,"column":84}},"loc":{"start":{"line":90,"column":84},"end":{"line":90,"column":85}},"line":90},"10":{"name":"(anonymous_10)","decl":{"start":{"line":116,"column":23},"end":{"line":116,"column":29}},"loc":{"start":{"line":116,"column":29},"end":{"line":116,"column":null}},"line":116},"11":{"name":"(anonymous_11)","decl":{"start":{"line":128,"column":23},"end":{"line":128,"column":29}},"loc":{"start":{"line":128,"column":29},"end":{"line":128,"column":null}},"line":128},"12":{"name":"(anonymous_12)","decl":{"start":{"line":140,"column":23},"end":{"line":140,"column":29}},"loc":{"start":{"line":140,"column":29},"end":{"line":140,"column":null}},"line":140},"13":{"name":"(anonymous_13)","decl":{"start":{"line":152,"column":23},"end":{"line":152,"column":29}},"loc":{"start":{"line":152,"column":29},"end":{"line":152,"column":null}},"line":152},"14":{"name":"(anonymous_14)","decl":{"start":{"line":164,"column":23},"end":{"line":164,"column":29}},"loc":{"start":{"line":164,"column":29},"end":{"line":164,"column":null}},"line":164},"15":{"name":"(anonymous_15)","decl":{"start":{"line":189,"column":22},"end":{"line":189,"column":23}},"loc":{"start":{"line":189,"column":29},"end":{"line":189,"column":null}},"line":189},"16":{"name":"(anonymous_16)","decl":{"start":{"line":190,"column":21},"end":{"line":190,"column":27}},"loc":{"start":{"line":190,"column":27},"end":{"line":190,"column":null}},"line":190}},"branchMap":{"0":{"loc":{"start":{"line":20,"column":47},"end":{"line":20,"column":75}},"type":"binary-expr","locations":[{"start":{"line":20,"column":47},"end":{"line":20,"column":73}},{"start":{"line":20,"column":73},"end":{"line":20,"column":75}}],"line":20},"1":{"loc":{"start":{"line":43,"column":4},"end":{"line":45,"column":null}},"type":"if","locations":[{"start":{"line":43,"column":4},"end":{"line":45,"column":null}},{"start":{},"end":{}}],"line":43},"2":{"loc":{"start":{"line":43,"column":8},"end":{"line":43,"column":30}},"type":"binary-expr","locations":[{"start":{"line":43,"column":8},"end":{"line":43,"column":13}},{"start":{"line":43,"column":13},"end":{"line":43,"column":30}}],"line":43},"3":{"loc":{"start":{"line":48,"column":23},"end":{"line":48,"column":null}},"type":"binary-expr","locations":[{"start":{"line":48,"column":23},"end":{"line":48,"column":34}},{"start":{"line":48,"column":34},"end":{"line":48,"column":null}}],"line":48},"4":{"loc":{"start":{"line":51,"column":4},"end":{"line":65,"column":null}},"type":"if","locations":[{"start":{"line":51,"column":4},"end":{"line":65,"column":null}},{"start":{},"end":{}}],"line":51},"5":{"loc":{"start":{"line":51,"column":8},"end":{"line":51,"column":38}},"type":"binary-expr","locations":[{"start":{"line":51,"column":8},"end":{"line":51,"column":23}},{"start":{"line":51,"column":23},"end":{"line":51,"column":38}}],"line":51},"6":{"loc":{"start":{"line":57,"column":6},"end":{"line":63,"column":null}},"type":"if","locations":[{"start":{"line":57,"column":6},"end":{"line":63,"column":null}},{"start":{"line":59,"column":6},"end":{"line":63,"column":null}}],"line":57},"7":{"loc":{"start":{"line":57,"column":10},"end":{"line":57,"column":40}},"type":"binary-expr","locations":[{"start":{"line":57,"column":10},"end":{"line":57,"column":25}},{"start":{"line":57,"column":25},"end":{"line":57,"column":40}}],"line":57},"8":{"loc":{"start":{"line":59,"column":6},"end":{"line":63,"column":null}},"type":"if","locations":[{"start":{"line":59,"column":6},"end":{"line":63,"column":null}},{"start":{"line":61,"column":13},"end":{"line":63,"column":null}}],"line":59},"9":{"loc":{"start":{"line":84,"column":15},"end":{"line":84,"column":87}},"type":"binary-expr","locations":[{"start":{"line":84,"column":15},"end":{"line":84,"column":30}},{"start":{"line":84,"column":30},"end":{"line":84,"column":87}}],"line":84},"10":{"loc":{"start":{"line":90,"column":29},"end":{"line":90,"column":null}},"type":"binary-expr","locations":[{"start":{"line":90,"column":29},"end":{"line":90,"column":48}},{"start":{"line":90,"column":48},"end":{"line":90,"column":null}}],"line":90},"11":{"loc":{"start":{"line":118,"column":16},"end":{"line":120,"column":null}},"type":"cond-expr","locations":[{"start":{"line":119,"column":20},"end":{"line":119,"column":null}},{"start":{"line":120,"column":20},"end":{"line":120,"column":null}}],"line":118},"12":{"loc":{"start":{"line":130,"column":16},"end":{"line":132,"column":null}},"type":"cond-expr","locations":[{"start":{"line":131,"column":20},"end":{"line":131,"column":null}},{"start":{"line":132,"column":20},"end":{"line":132,"column":null}}],"line":130},"13":{"loc":{"start":{"line":142,"column":16},"end":{"line":144,"column":null}},"type":"cond-expr","locations":[{"start":{"line":143,"column":20},"end":{"line":143,"column":null}},{"start":{"line":144,"column":20},"end":{"line":144,"column":null}}],"line":142},"14":{"loc":{"start":{"line":154,"column":16},"end":{"line":156,"column":null}},"type":"cond-expr","locations":[{"start":{"line":155,"column":20},"end":{"line":155,"column":null}},{"start":{"line":156,"column":20},"end":{"line":156,"column":null}}],"line":154},"15":{"loc":{"start":{"line":166,"column":16},"end":{"line":168,"column":null}},"type":"cond-expr","locations":[{"start":{"line":167,"column":20},"end":{"line":167,"column":null}},{"start":{"line":168,"column":20},"end":{"line":168,"column":null}}],"line":166},"16":{"loc":{"start":{"line":183,"column":63},"end":{"line":183,"column":119}},"type":"cond-expr","locations":[{"start":{"line":183,"column":86},"end":{"line":183,"column":103}},{"start":{"line":183,"column":103},"end":{"line":183,"column":119}}],"line":183},"17":{"loc":{"start":{"line":191,"column":25},"end":{"line":191,"column":null}},"type":"cond-expr","locations":[{"start":{"line":191,"column":44},"end":{"line":191,"column":146}},{"start":{"line":191,"column":146},"end":{"line":191,"column":null}}],"line":191},"18":{"loc":{"start":{"line":193,"column":14},"end":{"line":193,"column":null}},"type":"cond-expr","locations":[{"start":{"line":193,"column":33},"end":{"line":193,"column":50}},{"start":{"line":193,"column":50},"end":{"line":193,"column":null}}],"line":193},"19":{"loc":{"start":{"line":195,"column":18},"end":{"line":195,"column":null}},"type":"cond-expr","locations":[{"start":{"line":195,"column":37},"end":{"line":195,"column":41}},{"start":{"line":195,"column":41},"end":{"line":195,"column":null}}],"line":195},"20":{"loc":{"start":{"line":207,"column":12},"end":{"line":207,"column":null}},"type":"cond-expr","locations":[{"start":{"line":207,"column":26},"end":{"line":207,"column":44}},{"start":{"line":207,"column":44},"end":{"line":207,"column":null}}],"line":207},"21":{"loc":{"start":{"line":210,"column":58},"end":{"line":210,"column":87}},"type":"cond-expr","locations":[{"start":{"line":210,"column":68},"end":{"line":210,"column":85}},{"start":{"line":210,"column":85},"end":{"line":210,"column":87}}],"line":210},"22":{"loc":{"start":{"line":211,"column":11},"end":{"line":211,"column":null}},"type":"cond-expr","locations":[{"start":{"line":211,"column":21},"end":{"line":211,"column":48}},{"start":{"line":211,"column":48},"end":{"line":211,"column":null}}],"line":211},"23":{"loc":{"start":{"line":215,"column":7},"end":{"line":219,"column":null}},"type":"binary-expr","locations":[{"start":{"line":215,"column":7},"end":{"line":215,"column":null}},{"start":{"line":216,"column":8},"end":{"line":219,"column":null}}],"line":215},"24":{"loc":{"start":{"line":222,"column":7},"end":{"line":225,"column":null}},"type":"binary-expr","locations":[{"start":{"line":222,"column":7},"end":{"line":222,"column":null}},{"start":{"line":223,"column":8},"end":{"line":225,"column":null}}],"line":222},"25":{"loc":{"start":{"line":229,"column":7},"end":{"line":230,"column":null}},"type":"binary-expr","locations":[{"start":{"line":229,"column":7},"end":{"line":229,"column":19}},{"start":{"line":229,"column":19},"end":{"line":229,"column":null}},{"start":{"line":230,"column":8},"end":{"line":230,"column":null}}],"line":229}},"s":{"0":504,"1":504,"2":504,"3":504,"4":504,"5":504,"6":7,"7":504,"8":504,"9":504,"10":4,"11":4,"12":504,"13":2,"14":2,"15":2,"16":504,"17":4,"18":4,"19":4,"20":4,"21":8,"22":4,"23":2,"24":2,"25":2,"26":2,"27":0,"28":2,"29":1,"30":1,"31":2,"32":2,"33":2,"34":2,"35":2,"36":2,"37":10,"38":2,"39":2,"40":2,"41":0,"42":0,"43":2,"44":504,"45":1200,"46":504,"47":4,"48":0,"49":0,"50":0,"51":0,"52":482,"53":5},"f":{"0":504,"1":7,"2":4,"3":4,"4":2,"5":4,"6":8,"7":2,"8":10,"9":1200,"10":4,"11":0,"12":0,"13":0,"14":0,"15":482,"16":5},"b":{"0":[7,7],"1":[4,0],"2":[4,4],"3":[4,4],"4":[2,2],"5":[4,3],"6":[0,2],"7":[2,1],"8":[1,1],"9":[0,0],"10":[504,488],"11":[317,187],"12":[0,504],"13":[0,504],"14":[0,504],"15":[0,504],"16":[346,158],"17":[493,11],"18":[493,11],"19":[493,11],"20":[2,502],"21":[2,502],"22":[2,502],"23":[504,2],"24":[504,2],"25":[504,502,2]},"meta":{"lastBranch":26,"lastFunction":17,"lastStatement":54,"seen":{"f:8:24:8:31":0,"s:9:28:9:Infinity":0,"s:10:32:16:Infinity":1,"s:17:28:17:Infinity":2,"s:18:28:18:Infinity":3,"s:19:24:19:Infinity":4,"s:20:28:20:Infinity":5,"f:20:41:20:47":1,"s:20:47:20:75":6,"b:20:47:20:73:20:73:20:75":0,"s:21:46:21:Infinity":7,"s:22:36:22:Infinity":8,"s:24:31:26:Infinity":9,"f:24:31:24:32":2,"s:25:4:25:Infinity":10,"f:25:17:25:26":3,"s:25:26:25:67":11,"s:28:23:39:Infinity":12,"f:28:23:28:24":4,"s:29:23:36:Infinity":13,"s:37:4:37:Infinity":14,"s:38:4:38:Infinity":15,"s:41:25:88:Infinity":16,"f:41:25:41:32":5,"b:43:4:45:Infinity:undefined:undefined:undefined:undefined":1,"s:43:4:45:Infinity":17,"b:43:8:43:13:43:13:43:30":2,"s:44:6:44:Infinity":18,"s:48:23:48:Infinity":19,"b:48:23:48:34:48:34:48:Infinity":3,"s:49:25:49:Infinity":20,"f:49:55:49:60":6,"s:49:60:49:61":21,"b:51:4:65:Infinity:undefined:undefined:undefined:undefined":4,"s:51:4:65:Infinity":22,"b:51:8:51:23:51:23:51:38":5,"s:53:6:53:Infinity":23,"s:54:6:54:Infinity":24,"f:54:17:54:23":7,"s:54:23:54:46":25,"b:57:6:63:Infinity:59:6:63:Infinity":6,"s:57:6:63:Infinity":26,"b:57:10:57:25:57:25:57:40":7,"s:58:8:58:Infinity":27,"b:59:6:63:Infinity:61:13:63:Infinity":8,"s:59:6:63:Infinity":28,"s:60:8:60:Infinity":29,"s:62:8:62:Infinity":30,"s:64:6:64:Infinity":31,"s:67:4:67:Infinity":32,"s:68:4:68:Infinity":33,"s:69:4:69:Infinity":34,"s:71:4:87:Infinity":35,"s:72:32:72:Infinity":36,"f:72:62:72:67":8,"s:72:67:72:79":37,"s:73:19:73:Infinity":38,"s:74:6:74:Infinity":39,"s:77:6:81:Infinity":40,"s:83:6:83:Infinity":41,"s:84:6:84:Infinity":42,"b:84:15:84:30:84:30:84:87":9,"s:86:6:86:Infinity":43,"s:90:29:90:Infinity":44,"b:90:29:90:48:90:48:90:Infinity":10,"f:90:79:90:84":9,"s:90:84:90:85":45,"s:92:2:232:Infinity":46,"f:116:23:116:29":10,"s:116:29:116:Infinity":47,"b:119:20:119:Infinity:120:20:120:Infinity":11,"f:128:23:128:29":11,"s:128:29:128:Infinity":48,"b:131:20:131:Infinity:132:20:132:Infinity":12,"f:140:23:140:29":12,"s:140:29:140:Infinity":49,"b:143:20:143:Infinity:144:20:144:Infinity":13,"f:152:23:152:29":13,"s:152:29:152:Infinity":50,"b:155:20:155:Infinity:156:20:156:Infinity":14,"f:164:23:164:29":14,"s:164:29:164:Infinity":51,"b:167:20:167:Infinity:168:20:168:Infinity":15,"b:183:86:183:103:183:103:183:119":16,"f:189:22:189:23":15,"s:189:29:189:Infinity":52,"f:190:21:190:27":16,"s:190:27:190:Infinity":53,"b:191:44:191:146:191:146:191:Infinity":17,"b:193:33:193:50:193:50:193:Infinity":18,"b:195:37:195:41:195:41:195:Infinity":19,"b:207:26:207:44:207:44:207:Infinity":20,"b:210:68:210:85:210:85:210:87":21,"b:211:21:211:48:211:48:211:Infinity":22,"b:215:7:215:Infinity:216:8:219:Infinity":23,"b:222:7:222:Infinity:223:8:225:Infinity":24,"b:229:7:229:19:229:19:229:Infinity:230:8:230:Infinity":25}}}
,"/app/src/services/mistralAPI.js": {"path":"/app/src/services/mistralAPI.js","statementMap":{"0":{"start":{"line":5,"column":21},"end":{"line":5,"column":37}},"1":{"start":{"line":15,"column":18},"end":{"line":19,"column":3}},"2":{"start":{"line":21,"column":2},"end":{"line":60,"column":null}},"3":{"start":{"line":24,"column":21},"end":{"line":33,"column":6}},"4":{"start":{"line":35,"column":4},"end":{"line":39,"column":null}},"5":{"start":{"line":36,"column":6},"end":{"line":36,"column":null}},"6":{"start":{"line":38,"column":6},"end":{"line":38,"column":null}},"7":{"start":{"line":42,"column":4},"end":{"line":42,"column":null}},"8":{"start":{"line":45,"column":4},"end":{"line":59,"column":null}},"9":{"start":{"line":47,"column":27},"end":{"line":47,"column":68}},"10":{"start":{"line":48,"column":27},"end":{"line":48,"column":93}},"11":{"start":{"line":49,"column":6},"end":{"line":49,"column":null}},"12":{"start":{"line":50,"column":11},"end":{"line":59,"column":null}},"13":{"start":{"line":52,"column":6},"end":{"line":52,"column":null}},"14":{"start":{"line":53,"column":11},"end":{"line":59,"column":null}},"15":{"start":{"line":55,"column":6},"end":{"line":55,"column":null}},"16":{"start":{"line":58,"column":6},"end":{"line":58,"column":null}},"17":{"start":{"line":68,"column":2},"end":{"line":76,"column":null}},"18":{"start":{"line":69,"column":21},"end":{"line":71,"column":6}},"19":{"start":{"line":72,"column":4},"end":{"line":72,"column":null}},"20":{"start":{"line":74,"column":4},"end":{"line":74,"column":null}},"21":{"start":{"line":75,"column":4},"end":{"line":75,"column":null}}},"fnMap":{"0":{"name":"generateContent","decl":{"start":{"line":13,"column":22},"end":{"line":13,"column":37}},"loc":{"start":{"line":13,"column":58},"end":{"line":61,"column":null}},"line":13},"1":{"name":"checkAPIHealth","decl":{"start":{"line":67,"column":22},"end":{"line":67,"column":36}},"loc":{"start":{"line":67,"column":39},"end":{"line":77,"column":null}},"line":67}},"branchMap":{"0":{"loc":{"start":{"line":15,"column":18},"end":{"line":19,"column":3}},"type":"binary-expr","locations":[{"start":{"line":15,"column":18},"end":{"line":15,"column":40}},{"start":{"line":15,"column":44},"end":{"line":19,"column":3}}],"line":15},"1":{"loc":{"start":{"line":35,"column":4},"end":{"line":39,"column":null}},"type":"if","locations":[{"start":{"line":35,"column":4},"end":{"line":39,"column":null}},{"start":{"line":37,"column":11},"end":{"line":39,"column":null}}],"line":35},"2":{"loc":{"start":{"line":45,"column":4},"end":{"line":59,"column":null}},"type":"if","locations":[{"start":{"line":45,"column":4},"end":{"line":59,"column":null}},{"start":{"line":50,"column":11},"end":{"line":59,"column":null}}],"line":45},"3":{"loc":{"start":{"line":47,"column":27},"end":{"line":47,"column":68}},"type":"binary-expr","locations":[{"start":{"line":47,"column":27},"end":{"line":47,"column":53}},{"start":{"line":47,"column":57},"end":{"line":47,"column":68}}],"line":47},"4":{"loc":{"start":{"line":48,"column":27},"end":{"line":48,"column":93}},"type":"binary-expr","locations":[{"start":{"line":48,"column":27},"end":{"line":48,"column":55}},{"start":{"line":48,"column":59},"end":{"line":48,"column":87}},{"start":{"line":48,"column":91},"end":{"line":48,"column":93}}],"line":48},"5":{"loc":{"start":{"line":50,"column":11},"end":{"line":59,"column":null}},"type":"if","locations":[{"start":{"line":50,"column":11},"end":{"line":59,"column":null}},{"start":{"line":53,"column":11},"end":{"line":59,"column":null}}],"line":50},"6":{"loc":{"start":{"line":53,"column":11},"end":{"line":59,"column":null}},"type":"if","locations":[{"start":{"line":53,"column":11},"end":{"line":59,"column":null}},{"start":{"line":56,"column":11},"end":{"line":59,"column":null}}],"line":53}},"s":{"0":1,"1":2,"2":2,"3":2,"4":1,"5":1,"6":0,"7":1,"8":1,"9":1,"10":1,"11":1,"12":0,"13":0,"14":0,"15":0,"16":0,"17":1,"18":1,"19":1,"20":0,"21":0},"f":{"0":2,"1":1},"b":{"0":[2,2],"1":[1,0],"2":[1,0],"3":[1,0],"4":[1,0,0],"5":[0,0],"6":[0,0]},"meta":{"lastBranch":7,"lastFunction":2,"lastStatement":22,"seen":{"s:5:21:5:37":0,"f:13:22:13:37":0,"s:15:18:19:3":1,"b:15:18:15:40:15:44:19:3":0,"s:21:2:60:Infinity":2,"s:24:21:33:6":3,"b:35:4:39:Infinity:37:11:39:Infinity":1,"s:35:4:39:Infinity":4,"s:36:6:36:Infinity":5,"s:38:6:38:Infinity":6,"s:42:4:42:Infinity":7,"b:45:4:59:Infinity:50:11:59:Infinity":2,"s:45:4:59:Infinity":8,"s:47:27:47:68":9,"b:47:27:47:53:47:57:47:68":3,"s:48:27:48:93":10,"b:48:27:48:55:48:59:48:87:48:91:48:93":4,"s:49:6:49:Infinity":11,"b:50:11:59:Infinity:53:11:59:Infinity":5,"s:50:11:59:Infinity":12,"s:52:6:52:Infinity":13,"b:53:11:59:Infinity:56:11:59:Infinity":6,"s:53:11:59:Infinity":14,"s:55:6:55:Infinity":15,"s:58:6:58:Infinity":16,"f:67:22:67:36":1,"s:68:2:76:Infinity":17,"s:69:21:71:6":18,"s:72:4:72:Infinity":19,"s:74:4:74:Infinity":20,"s:75:4:75:Infinity":21}}}
,"/app/src/services/storage.js": {"path":"/app/src/services/storage.js","statementMap":{"0":{"start":{"line":4,"column":23},"end":{"line":44,"column":1}},"1":{"start":{"line":11,"column":4},"end":{"line":15,"column":null}},"2":{"start":{"line":12,"column":6},"end":{"line":12,"column":null}},"3":{"start":{"line":14,"column":6},"end":{"line":14,"column":null}},"4":{"start":{"line":24,"column":4},"end":{"line":30,"column":null}},"5":{"start":{"line":25,"column":19},"end":{"line":25,"column":44}},"6":{"start":{"line":26,"column":6},"end":{"line":26,"column":null}},"7":{"start":{"line":28,"column":6},"end":{"line":28,"column":null}},"8":{"start":{"line":29,"column":6},"end":{"line":29,"column":null}},"9":{"start":{"line":38,"column":4},"end":{"line":42,"column":null}},"10":{"start":{"line":39,"column":6},"end":{"line":39,"column":null}},"11":{"start":{"line":41,"column":6},"end":{"line":41,"column":null}}},"fnMap":{"0":{"name":"(anonymous_0)","decl":{"start":{"line":10,"column":8},"end":{"line":10,"column":9}},"loc":{"start":{"line":10,"column":23},"end":{"line":16,"column":3}},"line":10},"1":{"name":"(anonymous_1)","decl":{"start":{"line":23,"column":7},"end":{"line":23,"column":8}},"loc":{"start":{"line":23,"column":16},"end":{"line":31,"column":3}},"line":23},"2":{"name":"(anonymous_2)","decl":{"start":{"line":37,"column":10},"end":{"line":37,"column":11}},"loc":{"start":{"line":37,"column":19},"end":{"line":43,"column":null}},"line":37}},"branchMap":{"0":{"loc":{"start":{"line":26,"column":13},"end":{"line":26,"column":43}},"type":"cond-expr","locations":[{"start":{"line":26,"column":20},"end":{"line":26,"column":36}},{"start":{"line":26,"column":39},"end":{"line":26,"column":43}}],"line":26}},"s":{"0":3,"1":4,"2":4,"3":0,"4":12,"5":12,"6":12,"7":0,"8":0,"9":1,"10":1,"11":0},"f":{"0":4,"1":12,"2":1},"b":{"0":[1,11]},"meta":{"lastBranch":1,"lastFunction":3,"lastStatement":12,"seen":{"s:4:23:44:1":0,"f:10:8:10:9":0,"s:11:4:15:Infinity":1,"s:12:6:12:Infinity":2,"s:14:6:14:Infinity":3,"f:23:7:23:8":1,"s:24:4:30:Infinity":4,"s:25:19:25:44":5,"s:26:6:26:Infinity":6,"b:26:20:26:36:26:39:26:43":0,"s:28:6:28:Infinity":7,"s:29:6:29:Infinity":8,"f:37:10:37:11":2,"s:38:4:42:Infinity":9,"s:39:6:39:Infinity":10,"s:41:6:41:Infinity":11}}}
}
