{"/app/index.js": {"path":"/app/index.js","statementMap":{"0":{"start":{"line":1,"column":0},"end":{"line":1,"column":null}},"1":{"start":{"line":2,"column":16},"end":{"line":2,"column":34}},"2":{"start":{"line":3,"column":13},"end":{"line":3,"column":28}},"3":{"start":{"line":4,"column":23},"end":{"line":4,"column":52}},"4":{"start":{"line":6,"column":12},"end":{"line":6,"column":21}},"5":{"start":{"line":7,"column":13},"end":{"line":7,"column":41}},"6":{"start":{"line":10,"column":21},"end":{"line":10,"column":41}},"7":{"start":{"line":13,"column":0},"end":{"line":15,"column":null}},"8":{"start":{"line":14,"column":4},"end":{"line":14,"column":null}},"9":{"start":{"line":18,"column":0},"end":{"line":18,"column":null}},"10":{"start":{"line":19,"column":0},"end":{"line":19,"column":null}},"11":{"start":{"line":22,"column":0},"end":{"line":25,"column":null}},"12":{"start":{"line":23,"column":4},"end":{"line":23,"column":null}},"13":{"start":{"line":24,"column":4},"end":{"line":24,"column":null}},"14":{"start":{"line":28,"column":0},"end":{"line":35,"column":null}},"15":{"start":{"line":29,"column":4},"end":{"line":34,"column":null}},"16":{"start":{"line":38,"column":0},"end":{"line":95,"column":null}},"17":{"start":{"line":39,"column":4},"end":{"line":94,"column":null}},"18":{"start":{"line":40,"column":48},"end":{"line":40,"column":56}},"19":{"start":{"line":43,"column":8},"end":{"line":52,"column":null}},"20":{"start":{"line":44,"column":12},"end":{"line":51,"column":null}},"21":{"start":{"line":54,"column":8},"end":{"line":59,"column":null}},"22":{"start":{"line":55,"column":12},"end":{"line":58,"column":null}},"23":{"start":{"line":61,"column":8},"end":{"line":61,"column":null}},"24":{"start":{"line":63,"column":24},"end":{"line":63,"column":94}},"25":{"start":{"line":66,"column":8},"end":{"line":70,"column":null}},"26":{"start":{"line":73,"column":8},"end":{"line":73,"column":null}},"27":{"start":{"line":75,"column":8},"end":{"line":93,"column":null}},"28":{"start":{"line":77,"column":12},"end":{"line":80,"column":null}},"29":{"start":{"line":81,"column":15},"end":{"line":93,"column":null}},"30":{"start":{"line":83,"column":12},"end":{"line":86,"column":null}},"31":{"start":{"line":89,"column":12},"end":{"line":92,"column":null}},"32":{"start":{"line":98,"column":0},"end":{"line":131,"column":null}},"33":{"start":{"line":99,"column":4},"end":{"line":130,"column":null}},"34":{"start":{"line":100,"column":42},"end":{"line":100,"column":50}},"35":{"start":{"line":102,"column":8},"end":{"line":107,"column":null}},"36":{"start":{"line":103,"column":12},"end":{"line":106,"column":null}},"37":{"start":{"line":109,"column":8},"end":{"line":113,"column":null}},"38":{"start":{"line":110,"column":12},"end":{"line":112,"column":null}},"39":{"start":{"line":115,"column":29},"end":{"line":115,"column":138}},"40":{"start":{"line":116,"column":23},"end":{"line":116,"column":81}},"41":{"start":{"line":118,"column":8},"end":{"line":122,"column":null}},"42":{"start":{"line":125,"column":8},"end":{"line":125,"column":null}},"43":{"start":{"line":126,"column":8},"end":{"line":129,"column":null}},"44":{"start":{"line":134,"column":0},"end":{"line":140,"column":null}},"45":{"start":{"line":135,"column":4},"end":{"line":139,"column":null}},"46":{"start":{"line":143,"column":0},"end":{"line":143,"column":null}},"47":{"start":{"line":146,"column":0},"end":{"line":153,"column":null}},"48":{"start":{"line":147,"column":4},"end":{"line":152,"column":null}},"49":{"start":{"line":148,"column":8},"end":{"line":148,"column":null}},"50":{"start":{"line":149,"column":8},"end":{"line":149,"column":null}},"51":{"start":{"line":150,"column":8},"end":{"line":150,"column":null}},"52":{"start":{"line":151,"column":8},"end":{"line":151,"column":null}}},"fnMap":{"0":{"name":"(anonymous_0)","decl":{"start":{"line":13,"column":24},"end":{"line":13,"column":25}},"loc":{"start":{"line":13,"column":37},"end":{"line":15,"column":1}},"line":13},"1":{"name":"(anonymous_1)","decl":{"start":{"line":22,"column":8},"end":{"line":22,"column":9}},"loc":{"start":{"line":22,"column":28},"end":{"line":25,"column":1}},"line":22},"2":{"name":"(anonymous_2)","decl":{"start":{"line":28,"column":19},"end":{"line":28,"column":20}},"loc":{"start":{"line":28,"column":33},"end":{"line":35,"column":1}},"line":28},"3":{"name":"(anonymous_3)","decl":{"start":{"line":38,"column":22},"end":{"line":38,"column":27}},"loc":{"start":{"line":38,"column":42},"end":{"line":95,"column":1}},"line":38},"4":{"name":"(anonymous_4)","decl":{"start":{"line":98,"column":23},"end":{"line":98,"column":28}},"loc":{"start":{"line":98,"column":43},"end":{"line":131,"column":1}},"line":98},"5":{"name":"(anonymous_5)","decl":{"start":{"line":134,"column":8},"end":{"line":134,"column":9}},"loc":{"start":{"line":134,"column":22},"end":{"line":140,"column":1}},"line":134},"6":{"name":"(anonymous_6)","decl":{"start":{"line":147,"column":32},"end":{"line":147,"column":33}},"loc":{"start":{"line":147,"column":38},"end":{"line":152,"column":5}},"line":147}},"branchMap":{"0":{"loc":{"start":{"line":7,"column":13},"end":{"line":7,"column":41}},"type":"binary-expr","locations":[{"start":{"line":7,"column":13},"end":{"line":7,"column":33}},{"start":{"line":7,"column":37},"end":{"line":7,"column":41}}],"line":7},"1":{"loc":{"start":{"line":43,"column":8},"end":{"line":52,"column":null}},"type":"if","locations":[{"start":{"line":43,"column":8},"end":{"line":52,"column":null}},{"start":{},"end":{}}],"line":43},"2":{"loc":{"start":{"line":43,"column":12},"end":{"line":43,"column":89}},"type":"binary-expr","locations":[{"start":{"line":43,"column":12},"end":{"line":43,"column":20}},{"start":{"line":43,"column":24},"end":{"line":43,"column":34}},{"start":{"line":43,"column":38},"end":{"line":43,"column":63}},{"start":{"line":43,"column":67},"end":{"line":43,"column":89}}],"line":43},"3":{"loc":{"start":{"line":54,"column":8},"end":{"line":59,"column":null}},"type":"if","locations":[{"start":{"line":54,"column":8},"end":{"line":59,"column":null}},{"start":{},"end":{}}],"line":54},"4":{"loc":{"start":{"line":75,"column":8},"end":{"line":93,"column":null}},"type":"if","locations":[{"start":{"line":75,"column":8},"end":{"line":93,"column":null}},{"start":{"line":81,"column":15},"end":{"line":93,"column":null}}],"line":75},"5":{"loc":{"start":{"line":81,"column":15},"end":{"line":93,"column":null}},"type":"if","locations":[{"start":{"line":81,"column":15},"end":{"line":93,"column":null}},{"start":{"line":87,"column":15},"end":{"line":93,"column":null}}],"line":81},"6":{"loc":{"start":{"line":102,"column":8},"end":{"line":107,"column":null}},"type":"if","locations":[{"start":{"line":102,"column":8},"end":{"line":107,"column":null}},{"start":{},"end":{}}],"line":102},"7":{"loc":{"start":{"line":102,"column":12},"end":{"line":102,"column":37}},"type":"binary-expr","locations":[{"start":{"line":102,"column":12},"end":{"line":102,"column":20}},{"start":{"line":102,"column":24},"end":{"line":102,"column":37}}],"line":102},"8":{"loc":{"start":{"line":109,"column":8},"end":{"line":113,"column":null}},"type":"if","locations":[{"start":{"line":109,"column":8},"end":{"line":113,"column":null}},{"start":{},"end":{}}],"line":109},"9":{"loc":{"start":{"line":146,"column":0},"end":{"line":153,"column":null}},"type":"if","locations":[{"start":{"line":146,"column":0},"end":{"line":153,"column":null}},{"start":{},"end":{}}],"line":146},"10":{"loc":{"start":{"line":149,"column":39},"end":{"line":149,"column":106}},"type":"cond-expr","locations":[{"start":{"line":149,"column":71},"end":{"line":149,"column":85}},{"start":{"line":149,"column":88},"end":{"line":149,"column":106}}],"line":149}},"s":{"0":2,"1":2,"2":2,"3":2,"4":2,"5":2,"6":2,"7":2,"8":26,"9":2,"10":2,"11":2,"12":50,"13":50,"14":2,"15":22,"16":2,"17":25,"18":25,"19":25,"20":4,"21":21,"22":1,"23":20,"24":20,"25":20,"26":0,"27":0,"28":0,"29":0,"30":0,"31":0,"32":2,"33":0,"34":0,"35":0,"36":0,"37":0,"38":0,"39":0,"40":0,"41":0,"42":0,"43":0,"44":2,"45":3,"46":2,"47":2,"48":0,"49":0,"50":0,"51":0,"52":0},"f":{"0":26,"1":50,"2":22,"3":25,"4":0,"5":3,"6":0},"b":{"0":[2,0],"1":[4,21],"2":[25,24,23,22],"3":[1,20],"4":[0,0],"5":[0,0],"6":[0,0],"7":[0,0],"8":[0,0],"9":[0,2],"10":[0,0]},"meta":{"lastBranch":11,"lastFunction":7,"lastStatement":53,"seen":{"s:1:0:1:Infinity":0,"s:2:16:2:34":1,"s:3:13:3:28":2,"s:4:23:4:52":3,"s:6:12:6:21":4,"s:7:13:7:41":5,"b:7:13:7:33:7:37:7:41":0,"s:10:21:10:41":6,"s:13:0:15:Infinity":7,"f:13:24:13:25":0,"s:14:4:14:Infinity":8,"s:18:0:18:Infinity":9,"s:19:0:19:Infinity":10,"s:22:0:25:Infinity":11,"f:22:8:22:9":1,"s:23:4:23:Infinity":12,"s:24:4:24:Infinity":13,"s:28:0:35:Infinity":14,"f:28:19:28:20":2,"s:29:4:34:Infinity":15,"s:38:0:95:Infinity":16,"f:38:22:38:27":3,"s:39:4:94:Infinity":17,"s:40:48:40:56":18,"b:43:8:52:Infinity:undefined:undefined:undefined:undefined":1,"s:43:8:52:Infinity":19,"b:43:12:43:20:43:24:43:34:43:38:43:63:43:67:43:89":2,"s:44:12:51:Infinity":20,"b:54:8:59:Infinity:undefined:undefined:undefined:undefined":3,"s:54:8:59:Infinity":21,"s:55:12:58:Infinity":22,"s:61:8:61:Infinity":23,"s:63:24:63:94":24,"s:66:8:70:Infinity":25,"s:73:8:73:Infinity":26,"b:75:8:93:Infinity:81:15:93:Infinity":4,"s:75:8:93:Infinity":27,"s:77:12:80:Infinity":28,"b:81:15:93:Infinity:87:15:93:Infinity":5,"s:81:15:93:Infinity":29,"s:83:12:86:Infinity":30,"s:89:12:92:Infinity":31,"s:98:0:131:Infinity":32,"f:98:23:98:28":4,"s:99:4:130:Infinity":33,"s:100:42:100:50":34,"b:102:8:107:Infinity:undefined:undefined:undefined:undefined":6,"s:102:8:107:Infinity":35,"b:102:12:102:20:102:24:102:37":7,"s:103:12:106:Infinity":36,"b:109:8:113:Infinity:undefined:undefined:undefined:undefined":8,"s:109:8:113:Infinity":37,"s:110:12:112:Infinity":38,"s:115:29:115:138":39,"s:116:23:116:81":40,"s:118:8:122:Infinity":41,"s:125:8:125:Infinity":42,"s:126:8:129:Infinity":43,"s:134:0:140:Infinity":44,"f:134:8:134:9":5,"s:135:4:139:Infinity":45,"s:143:0:143:Infinity":46,"b:146:0:153:Infinity:undefined:undefined:undefined:undefined":9,"s:146:0:153:Infinity":47,"s:147:4:152:Infinity":48,"f:147:32:147:33":6,"s:148:8:148:Infinity":49,"s:149:8:149:Infinity":50,"b:149:71:149:85:149:88:149:106":10,"s:150:8:150:Infinity":51,"s:151:8:151:Infinity":52}}}
,"/app/services/mistral.js": {"path":"/app/services/mistral.js","statementMap":{"0":{"start":{"line":6,"column":14},"end":{"line":6,"column":30}},"1":{"start":{"line":8,"column":24},"end":{"line":8,"column":68}},"2":{"start":{"line":11,"column":26},"end":{"line":15,"column":1}},"3":{"start":{"line":25,"column":8},"end":{"line":25,"column":null}},"4":{"start":{"line":26,"column":8},"end":{"line":26,"column":null}},"5":{"start":{"line":27,"column":8},"end":{"line":27,"column":null}},"6":{"start":{"line":34,"column":8},"end":{"line":34,"column":null}},"7":{"start":{"line":41,"column":25},"end":{"line":51,"column":10}},"8":{"start":{"line":52,"column":8},"end":{"line":52,"column":null}},"9":{"start":{"line":59,"column":25},"end":{"line":72,"column":10}},"10":{"start":{"line":73,"column":8},"end":{"line":76,"column":null}},"11":{"start":{"line":83,"column":28},"end":{"line":87,"column":9}},"12":{"start":{"line":89,"column":27},"end":{"line":89,"column":102}},"13":{"start":{"line":90,"column":24},"end":{"line":90,"column":69}},"14":{"start":{"line":91,"column":25},"end":{"line":91,"column":108}},"15":{"start":{"line":93,"column":8},"end":{"line":93,"column":null}},"16":{"start":{"line":100,"column":50},"end":{"line":100,"column":80}},"17":{"start":{"line":102,"column":24},"end":{"line":201,"column":9}},"18":{"start":{"line":203,"column":8},"end":{"line":203,"column":null}},"19":{"start":{"line":210,"column":29},"end":{"line":210,"column":73}},"20":{"start":{"line":212,"column":8},"end":{"line":214,"column":null}},"21":{"start":{"line":213,"column":12},"end":{"line":213,"column":null}},"22":{"start":{"line":216,"column":8},"end":{"line":216,"column":null}},"23":{"start":{"line":223,"column":24},"end":{"line":223,"column":26}},"24":{"start":{"line":225,"column":8},"end":{"line":236,"column":null}},"25":{"start":{"line":226,"column":12},"end":{"line":235,"column":null}},"26":{"start":{"line":227,"column":16},"end":{"line":227,"column":null}},"27":{"start":{"line":228,"column":16},"end":{"line":228,"column":null}},"28":{"start":{"line":230,"column":16},"end":{"line":230,"column":null}},"29":{"start":{"line":231,"column":16},"end":{"line":234,"column":null}},"30":{"start":{"line":238,"column":8},"end":{"line":238,"column":null}},"31":{"start":{"line":242,"column":0},"end":{"line":242,"column":null}}},"fnMap":{"0":{"name":"(anonymous_0)","decl":{"start":{"line":23,"column":4},"end":{"line":23,"column":15}},"loc":{"start":{"line":23,"column":30},"end":{"line":28,"column":null}},"line":23},"1":{"name":"(anonymous_1)","decl":{"start":{"line":33,"column":4},"end":{"line":33,"column":16}},"loc":{"start":{"line":33,"column":19},"end":{"line":35,"column":null}},"line":33},"2":{"name":"(anonymous_2)","decl":{"start":{"line":40,"column":10},"end":{"line":40,"column":14}},"loc":{"start":{"line":40,"column":41},"end":{"line":53,"column":null}},"line":40},"3":{"name":"(anonymous_3)","decl":{"start":{"line":58,"column":10},"end":{"line":58,"column":24}},"loc":{"start":{"line":58,"column":70},"end":{"line":77,"column":null}},"line":58},"4":{"name":"(anonymous_4)","decl":{"start":{"line":82,"column":4},"end":{"line":82,"column":20}},"loc":{"start":{"line":82,"column":35},"end":{"line":94,"column":null}},"line":82},"5":{"name":"(anonymous_5)","decl":{"start":{"line":99,"column":4},"end":{"line":99,"column":15}},"loc":{"start":{"line":99,"column":49},"end":{"line":204,"column":null}},"line":99},"6":{"name":"(anonymous_6)","decl":{"start":{"line":209,"column":10},"end":{"line":209,"column":29}},"loc":{"start":{"line":209,"column":63},"end":{"line":217,"column":null}},"line":209},"7":{"name":"(anonymous_7)","decl":{"start":{"line":222,"column":10},"end":{"line":222,"column":30}},"loc":{"start":{"line":222,"column":65},"end":{"line":239,"column":null}},"line":222}},"branchMap":{"0":{"loc":{"start":{"line":23,"column":16},"end":{"line":23,"column":28}},"type":"default-arg","locations":[{"start":{"line":23,"column":26},"end":{"line":23,"column":28}}],"line":23},"1":{"loc":{"start":{"line":25,"column":22},"end":{"line":25,"column":101}},"type":"cond-expr","locations":[{"start":{"line":25,"column":57},"end":{"line":25,"column":71}},{"start":{"line":25,"column":74},"end":{"line":25,"column":101}}],"line":25},"2":{"loc":{"start":{"line":26,"column":26},"end":{"line":26,"column":53}},"type":"binary-expr","locations":[{"start":{"line":26,"column":26},"end":{"line":26,"column":44}},{"start":{"line":26,"column":48},"end":{"line":26,"column":53}}],"line":26},"3":{"loc":{"start":{"line":27,"column":22},"end":{"line":27,"column":55}},"type":"binary-expr","locations":[{"start":{"line":27,"column":22},"end":{"line":27,"column":36}},{"start":{"line":27,"column":40},"end":{"line":27,"column":55}}],"line":27},"4":{"loc":{"start":{"line":34,"column":15},"end":{"line":34,"column":75}},"type":"binary-expr","locations":[{"start":{"line":34,"column":15},"end":{"line":34,"column":28}},{"start":{"line":34,"column":32},"end":{"line":34,"column":75}}],"line":34},"5":{"loc":{"start":{"line":40,"column":23},"end":{"line":40,"column":39}},"type":"default-arg","locations":[{"start":{"line":40,"column":35},"end":{"line":40,"column":39}}],"line":40},"6":{"loc":{"start":{"line":58,"column":52},"end":{"line":58,"column":68}},"type":"default-arg","locations":[{"start":{"line":58,"column":64},"end":{"line":58,"column":68}}],"line":58},"7":{"loc":{"start":{"line":82,"column":21},"end":{"line":82,"column":33}},"type":"default-arg","locations":[{"start":{"line":82,"column":31},"end":{"line":82,"column":33}}],"line":82},"8":{"loc":{"start":{"line":84,"column":18},"end":{"line":84,"column":36}},"type":"binary-expr","locations":[{"start":{"line":84,"column":18},"end":{"line":84,"column":30}},{"start":{"line":84,"column":34},"end":{"line":84,"column":36}}],"line":84},"9":{"loc":{"start":{"line":85,"column":17},"end":{"line":85,"column":34}},"type":"binary-expr","locations":[{"start":{"line":85,"column":17},"end":{"line":85,"column":28}},{"start":{"line":85,"column":32},"end":{"line":85,"column":34}}],"line":85},"10":{"loc":{"start":{"line":86,"column":18},"end":{"line":86,"column":null}},"type":"binary-expr","locations":[{"start":{"line":86,"column":18},"end":{"line":86,"column":30}},{"start":{"line":86,"column":34},"end":{"line":86,"column":null}}],"line":86},"11":{"loc":{"start":{"line":89,"column":27},"end":{"line":89,"column":102}},"type":"cond-expr","locations":[{"start":{"line":89,"column":46},"end":{"line":89,"column":75}},{"start":{"line":89,"column":78},"end":{"line":89,"column":102}}],"line":89},"12":{"loc":{"start":{"line":90,"column":24},"end":{"line":90,"column":69}},"type":"cond-expr","locations":[{"start":{"line":90,"column":42},"end":{"line":90,"column":64}},{"start":{"line":90,"column":67},"end":{"line":90,"column":69}}],"line":90},"13":{"loc":{"start":{"line":91,"column":34},"end":{"line":91,"column":103}},"type":"binary-expr","locations":[{"start":{"line":91,"column":34},"end":{"line":91,"column":69}},{"start":{"line":91,"column":73},"end":{"line":91,"column":103}}],"line":91},"14":{"loc":{"start":{"line":99,"column":35},"end":{"line":99,"column":47}},"type":"default-arg","locations":[{"start":{"line":99,"column":45},"end":{"line":99,"column":47}}],"line":99},"15":{"loc":{"start":{"line":203,"column":15},"end":{"line":203,"column":40}},"type":"binary-expr","locations":[{"start":{"line":203,"column":15},"end":{"line":203,"column":32}},{"start":{"line":203,"column":36},"end":{"line":203,"column":40}}],"line":203},"16":{"loc":{"start":{"line":209,"column":49},"end":{"line":209,"column":61}},"type":"default-arg","locations":[{"start":{"line":209,"column":59},"end":{"line":209,"column":61}}],"line":209},"17":{"loc":{"start":{"line":212,"column":8},"end":{"line":214,"column":null}},"type":"if","locations":[{"start":{"line":212,"column":8},"end":{"line":214,"column":null}},{"start":{},"end":{}}],"line":212},"18":{"loc":{"start":{"line":222,"column":51},"end":{"line":222,"column":63}},"type":"default-arg","locations":[{"start":{"line":222,"column":61},"end":{"line":222,"column":63}}],"line":222}},"s":{"0":2,"1":2,"2":2,"3":26,"4":22,"5":22,"6":21,"7":26,"8":24,"9":0,"10":0,"11":27,"12":27,"13":27,"14":27,"15":27,"16":27,"17":27,"18":0,"19":0,"20":27,"21":1,"22":26,"23":0,"24":0,"25":27,"26":27,"27":27,"28":3,"29":3,"30":20,"31":1},"f":{"0":26,"1":21,"2":26,"3":0,"4":27,"5":27,"6":0,"7":0},"b":{"0":[26],"1":[26,0],"2":[22,0],"3":[26,26],"4":[21,20],"5":[26],"6":[0],"7":[27],"8":[27,25],"9":[27,25],"10":[27,25],"11":[2,25],"12":[2,25],"13":[27,0],"14":[27],"15":[0,1],"16":[0],"17":[1,26],"18":[0]},"meta":{"lastBranch":19,"lastFunction":8,"lastStatement":32,"seen":{"s:6:14:6:30":0,"s:8:24:8:68":1,"s:11:26:15:1":2,"f:23:4:23:15":0,"b:23:26:23:28":0,"s:25:8:25:Infinity":3,"b:25:57:25:71:25:74:25:101":1,"s:26:8:26:Infinity":4,"b:26:26:26:44:26:48:26:53":2,"s:27:8:27:Infinity":5,"b:27:22:27:36:27:40:27:55":3,"f:33:4:33:16":1,"s:34:8:34:Infinity":6,"b:34:15:34:28:34:32:34:75":4,"f:40:10:40:14":2,"b:40:35:40:39":5,"s:41:25:51:10":7,"s:52:8:52:Infinity":8,"f:58:10:58:24":3,"b:58:64:58:68":6,"s:59:25:72:10":9,"s:73:8:76:Infinity":10,"f:82:4:82:20":4,"b:82:31:82:33":7,"s:83:28:87:9":11,"b:84:18:84:30:84:34:84:36":8,"b:85:17:85:28:85:32:85:34":9,"b:86:18:86:30:86:34:86:Infinity":10,"s:89:27:89:102":12,"b:89:46:89:75:89:78:89:102":11,"s:90:24:90:69":13,"b:90:42:90:64:90:67:90:69":12,"s:91:25:91:108":14,"b:91:34:91:69:91:73:91:103":13,"s:93:8:93:Infinity":15,"f:99:4:99:15":5,"b:99:45:99:47":14,"s:100:50:100:80":16,"s:102:24:201:9":17,"s:203:8:203:Infinity":18,"b:203:15:203:32:203:36:203:40":15,"f:209:10:209:29":6,"b:209:59:209:61":16,"s:210:29:210:73":19,"b:212:8:214:Infinity:undefined:undefined:undefined:undefined":17,"s:212:8:214:Infinity":20,"s:213:12:213:Infinity":21,"s:216:8:216:Infinity":22,"f:222:10:222:30":7,"b:222:61:222:63":18,"s:223:24:223:26":23,"s:225:8:236:Infinity":24,"s:226:12:235:Infinity":25,"s:227:16:227:Infinity":26,"s:228:16:228:Infinity":27,"s:230:16:230:Infinity":28,"s:231:16:234:Infinity":29,"s:238:8:238:Infinity":30,"s:242:0:242:Infinity":31}}}
}
